# JRE version: OpenJDK Runtime Environment Corretto-11.0.17.8.1 (11.0.17+8) (build 11.0.17+8-LTS)
# Java VM: OpenJDK 64-Bit Server VM Corretto-11.0.17.8.1 (11.0.17+8-LTS, mixed mode, tiered, compressed oops, g1 gc, windows-amd64)
Heap:
 garbage-first heap   total 63488K, used 24029K [0x00000000c3e00000, 0x0000000100000000)
  region size 1024K, 12 young (12288K), 4 survivors (4096K)
 Metaspace       used 45029K, capacity 46215K, committed 46384K, reserved 1089536K
  class space    used 5465K, capacity 5930K, committed 6016K, reserved 1048576K
GC Heap History (20 events):
Event: 4.963 GC heap before
{Heap before GC invocations=1 (full 0):
 garbage-first heap   total 63488K, used 18218K [0x00000000c3e00000, 0x0000000100000000)
  region size 1024K, 14 young (14336K), 2 survivors (2048K)
 Metaspace       used 12269K, capacity 12572K, committed 12800K, reserved 1060864K
  class space    used 1164K, capacity 1231K, committed 1280K, reserved 1048576K
}
Event: 4.969 GC heap after
{Heap after GC invocations=2 (full 0):
 garbage-first heap   total 63488K, used 6838K [0x00000000c3e00000, 0x0000000100000000)
  region size 1024K, 1 young (1024K), 1 survivors (1024K)
 Metaspace       used 12269K, capacity 12572K, committed 12800K, reserved 1060864K
  class space    used 1164K, capacity 1231K, committed 1280K, reserved 1048576K
}
Event: 6.277 GC heap before
{Heap before GC invocations=2 (full 0):
 garbage-first heap   total 63488K, used 28342K [0x00000000c3e00000, 0x0000000100000000)
  region size 1024K, 22 young (22528K), 1 survivors (1024K)
 Metaspace       used 17102K, capacity 17569K, committed 17920K, reserved 1064960K
  class space    used 1772K, capacity 1930K, committed 2048K, reserved 1048576K
}
Event: 6.281 GC heap after
{Heap after GC invocations=3 (full 0):
 garbage-first heap   total 63488K, used 7866K [0x00000000c3e00000, 0x0000000100000000)
  region size 1024K, 2 young (2048K), 2 survivors (2048K)
 Metaspace       used 17102K, capacity 17569K, committed 17920K, reserved 1064960K
  class space    used 1772K, capacity 1930K, committed 2048K, reserved 1048576K
}
Event: 8.075 GC heap before
{Heap before GC invocations=3 (full 0):
 garbage-first heap   total 63488K, used 25274K [0x00000000c3e00000, 0x0000000100000000)
  region size 1024K, 21 young (21504K), 2 survivors (2048K)
 Metaspace       used 20572K, capacity 21129K, committed 21296K, reserved 1069056K
  class space    used 2215K, capacity 2422K, committed 2432K, reserved 1048576K
}
Event: 8.082 GC heap after
{Heap after GC invocations=4 (full 0):
 garbage-first heap   total 63488K, used 8641K [0x00000000c3e00000, 0x0000000100000000)
  region size 1024K, 3 young (3072K), 3 survivors (3072K)
 Metaspace       used 20572K, capacity 21129K, committed 21296K, reserved 1069056K
  class space    used 2215K, capacity 2422K, committed 2432K, reserved 1048576K
}
Event: 9.865 GC heap before
{Heap before GC invocations=5 (full 0):
 garbage-first heap   total 63488K, used 33217K [0x00000000c3e00000, 0x0000000100000000)
  region size 1024K, 28 young (28672K), 3 survivors (3072K)
 Metaspace       used 25013K, capacity 25679K, committed 25776K, reserved 1073152K
  class space    used 2778K, capacity 3003K, committed 3072K, reserved 1048576K
}
Event: 9.873 GC heap after
{Heap after GC invocations=6 (full 0):
 garbage-first heap   total 63488K, used 9340K [0x00000000c3e00000, 0x0000000100000000)
  region size 1024K, 3 young (3072K), 3 survivors (3072K)
 Metaspace       used 25013K, capacity 25679K, committed 25776K, reserved 1073152K
  class space    used 2778K, capacity 3003K, committed 3072K, reserved 1048576K
}
Event: 13.835 GC heap before
{Heap before GC invocations=6 (full 0):
 garbage-first heap   total 63488K, used 39036K [0x00000000c3e00000, 0x0000000100000000)
  region size 1024K, 32 young (32768K), 3 survivors (3072K)
 Metaspace       used 27068K, capacity 27792K, committed 28080K, reserved 1075200K
  class space    used 2991K, capacity 3258K, committed 3328K, reserved 1048576K
}
Event: 13.844 GC heap after
{Heap after GC invocations=7 (full 0):
 garbage-first heap   total 63488K, used 10861K [0x00000000c3e00000, 0x0000000100000000)
  region size 1024K, 4 young (4096K), 4 survivors (4096K)
 Metaspace       used 27068K, capacity 27792K, committed 28080K, reserved 1075200K
  class space    used 2991K, capacity 3258K, committed 3328K, reserved 1048576K
}
Event: 17.559 GC heap before
{Heap before GC invocations=7 (full 0):
 garbage-first heap   total 63488K, used 40557K [0x00000000c3e00000, 0x0000000100000000)
  region size 1024K, 33 young (33792K), 4 survivors (4096K)
 Metaspace       used 29652K, capacity 30427K, committed 30512K, reserved 1077248K
  class space    used 3334K, capacity 3642K, committed 3712K, reserved 1048576K
}
Event: 17.567 GC heap after
{Heap after GC invocations=8 (full 0):
 garbage-first heap   total 63488K, used 11514K [0x00000000c3e00000, 0x0000000100000000)
  region size 1024K, 3 young (3072K), 3 survivors (3072K)
 Metaspace       used 29652K, capacity 30427K, committed 30512K, reserved 1077248K
  class space    used 3334K, capacity 3642K, committed 3712K, reserved 1048576K
}
Event: 22.133 GC heap before
{Heap before GC invocations=8 (full 0):
 garbage-first heap   total 63488K, used 43258K [0x00000000c3e00000, 0x0000000100000000)
  region size 1024K, 34 young (34816K), 3 survivors (3072K)
 Metaspace       used 33763K, capacity 34740K, committed 34992K, reserved 1079296K
  class space    used 3931K, capacity 4326K, committed 4352K, reserved 1048576K
}
Event: 22.145 GC heap after
{Heap after GC invocations=9 (full 0):
 garbage-first heap   total 63488K, used 13878K [0x00000000c3e00000, 0x0000000100000000)
  region size 1024K, 5 young (5120K), 5 survivors (5120K)
 Metaspace       used 33763K, capacity 34740K, committed 34992K, reserved 1079296K
  class space    used 3931K, capacity 4326K, committed 4352K, reserved 1048576K
}
Event: 25.439 GC heap before
{Heap before GC invocations=9 (full 0):
 garbage-first heap   total 63488K, used 16950K [0x00000000c3e00000, 0x0000000100000000)
  region size 1024K, 9 young (9216K), 5 survivors (5120K)
 Metaspace       used 34582K, capacity 35560K, committed 35632K, reserved 1081344K
  class space    used 4028K, capacity 4430K, committed 4480K, reserved 1048576K
}
Event: 25.450 GC heap after
{Heap after GC invocations=10 (full 0):
 garbage-first heap   total 63488K, used 14273K [0x00000000c3e00000, 0x0000000100000000)
  region size 1024K, 3 young (3072K), 3 survivors (3072K)
 Metaspace       used 34582K, capacity 35560K, committed 35632K, reserved 1081344K
  class space    used 4028K, capacity 4430K, committed 4480K, reserved 1048576K
}
Event: 29.101 GC heap before
{Heap before GC invocations=11 (full 0):
 garbage-first heap   total 63488K, used 42945K [0x00000000c3e00000, 0x0000000100000000)
  region size 1024K, 32 young (32768K), 3 survivors (3072K)
 Metaspace       used 37826K, capacity 38974K, committed 39088K, reserved 1083392K
  class space    used 4391K, capacity 4842K, committed 4864K, reserved 1048576K
}
Event: 29.114 GC heap after
{Heap after GC invocations=12 (full 0):
 garbage-first heap   total 63488K, used 16008K [0x00000000c3e00000, 0x0000000100000000)
  region size 1024K, 3 young (3072K), 3 survivors (3072K)
 Metaspace       used 37826K, capacity 38974K, committed 39088K, reserved 1083392K
  class space    used 4391K, capacity 4842K, committed 4864K, reserved 1048576K
}
Event: 31.611 GC heap before
{Heap before GC invocations=12 (full 0):
 garbage-first heap   total 63488K, used 44680K [0x00000000c3e00000, 0x0000000100000000)
  region size 1024K, 31 young (31744K), 3 survivors (3072K)
 Metaspace       used 43520K, capacity 44598K, committed 44848K, reserved 1089536K
  class space    used 5304K, capacity 5753K, committed 5760K, reserved 1048576K
}
Event: 31.619 GC heap after
{Heap after GC invocations=13 (full 0):
 garbage-first heap   total 63488K, used 16861K [0x00000000c3e00000, 0x0000000100000000)
  region size 1024K, 4 young (4096K), 4 survivors (4096K)
 Metaspace       used 43520K, capacity 44598K, committed 44848K, reserved 1089536K
  class space    used 5304K, capacity 5753K, committed 5760K, reserved 1048576K
}

